\BOOKMARK [0][]{chapter*.1}{Summary \(English\)}{}% 1
\BOOKMARK [0][]{chapter*.2}{Summary \(Danish\)}{}% 2
\BOOKMARK [0][]{chapter*.3}{Preface}{}% 3
\BOOKMARK [0][]{chapter*.4}{Acknowledgements}{}% 4
\BOOKMARK [0][]{toc.0}{Contents}{}% 5
\BOOKMARK [0][]{chapter.1}{1 Introduction}{}% 6
\BOOKMARK [1][]{section.1.1}{1.1 Thesis Statement}{chapter.1}% 7
\BOOKMARK [1][]{section.1.2}{1.2 Limitation}{chapter.1}% 8
\BOOKMARK [0][]{chapter.2}{2 General - Terms and Rules}{}% 9
\BOOKMARK [1][]{section.2.1}{2.1 Terms}{chapter.2}% 10
\BOOKMARK [1][]{section.2.2}{2.2 Matching}{chapter.2}% 11
\BOOKMARK [1][]{section.2.3}{2.3 Duplicates}{chapter.2}% 12
\BOOKMARK [2][]{subsection.2.3.1}{2.3.1 Topic Matching}{section.2.3}% 13
\BOOKMARK [2][]{subsection.2.3.2}{2.3.2 Copyright}{section.2.3}% 14
\BOOKMARK [0][]{chapter.3}{3 Analysis}{}% 15
\BOOKMARK [1][]{section.3.1}{3.1 Algorithms in General}{chapter.3}% 16
\BOOKMARK [2][]{subsection.3.1.1}{3.1.1 Requirements Analysis}{section.3.1}% 17
\BOOKMARK [1][]{section.3.2}{3.2 Initial Considerations}{chapter.3}% 18
\BOOKMARK [2][]{subsection.3.2.1}{3.2.1 System Architecture}{section.3.2}% 19
\BOOKMARK [1][]{section.3.3}{3.3 Algorithms Used}{chapter.3}% 20
\BOOKMARK [1][]{section.3.4}{3.4 Optimizing Performance}{chapter.3}% 21
\BOOKMARK [2][]{subsection.3.4.1}{3.4.1 Stop Words}{section.3.4}% 22
\BOOKMARK [2][]{subsection.3.4.2}{3.4.2 Stemming}{section.3.4}% 23
\BOOKMARK [1][]{section.3.5}{3.5 Semaphore Tagging}{chapter.3}% 24
\BOOKMARK [2][]{subsection.3.5.1}{3.5.1 Cons to Semaphore}{section.3.5}% 25
\BOOKMARK [1][]{section.3.6}{3.6 Text Preparation}{chapter.3}% 26
\BOOKMARK [1][]{section.3.7}{3.7 Technology}{chapter.3}% 27
\BOOKMARK [0][]{chapter.4}{4 Implementation}{}% 28
\BOOKMARK [1][]{section.4.1}{4.1 Basic LCS Implementation}{chapter.4}% 29
\BOOKMARK [1][]{section.4.2}{4.2 Modification of LCS - String Comparison}{chapter.4}% 30
\BOOKMARK [2][]{subsection.4.2.1}{4.2.1 Issue With Word \(String\) Comparisons}{section.4.2}% 31
\BOOKMARK [1][]{section.4.3}{4.3 Collection of Substrings}{chapter.4}% 32
\BOOKMARK [1][]{section.4.4}{4.4 Post Processing}{chapter.4}% 33
\BOOKMARK [0][]{chapter.5}{5 Test}{}% 34
\BOOKMARK [1][]{section.5.1}{5.1 Test of the basic LCS}{chapter.5}% 35
\BOOKMARK [1][]{section.5.2}{5.2 Test of the Modified LCS}{chapter.5}% 36
\BOOKMARK [1][]{section.5.3}{5.3 Fractile Distribution of Corpus}{chapter.5}% 37
\BOOKMARK [0][]{chapter.6}{6 Evaluation}{}% 38
\BOOKMARK [1][]{section.6.1}{6.1 Scores}{chapter.6}% 39
\BOOKMARK [1][]{section.6.2}{6.2 Limiting the Number of Comparisons by Cosine Score}{chapter.6}% 40
\BOOKMARK [1][]{section.6.3}{6.3 What the Scores Tell}{chapter.6}% 41
\BOOKMARK [2][]{subsection.6.3.1}{6.3.1 Definition of "High Scoring"}{section.6.3}% 42
\BOOKMARK [1][]{section.6.4}{6.4 Score Analysis}{chapter.6}% 43
\BOOKMARK [1][]{section.6.5}{6.5 Analysis of Comparisons}{chapter.6}% 44
\BOOKMARK [2][]{subsection.6.5.1}{6.5.1 JP and POL Comparison}{section.6.5}% 45
\BOOKMARK [2][]{subsection.6.5.2}{6.5.2 JV and FL Comparion}{section.6.5}% 46
\BOOKMARK [1][]{section.6.6}{6.6 Weighing the Scores}{chapter.6}% 47
\BOOKMARK [2][]{subsection.6.6.1}{6.6.1 Applying the Score Weight}{section.6.6}% 48
\BOOKMARK [0][]{appendix.A}{A Test Diagrams}{}% 49
\BOOKMARK [0][]{appendix.B}{B Article Content}{}% 50
\BOOKMARK [1][]{section.B.1}{B.1 Danfoss fastholder stabil forretning}{appendix.B}% 51
\BOOKMARK [1][]{section.B.2}{B.2 Danfoss fastholder stabil forretning - w/o Stop Words}{appendix.B}% 52
\BOOKMARK [1][]{section.B.3}{B.3 BRIDGE: Cavendish \0431}{appendix.B}% 53
\BOOKMARK [1][]{section.B.4}{B.4 BRIDGE: Cavendish \0432}{appendix.B}% 54
\BOOKMARK [1][]{section.B.5}{B.5 SKAK: Mr. Karpov \0431}{appendix.B}% 55
\BOOKMARK [1][]{section.B.6}{B.6 SKAK: Mr. Karpov \0432}{appendix.B}% 56
\BOOKMARK [1][]{section.B.7}{B.7 Dv\346rgen der voksede og blev en k\346mpe}{appendix.B}% 57
\BOOKMARK [1][]{section.B.8}{B.8 50 \305R I DAG: Den uortodokse brasilianer}{appendix.B}% 58
\BOOKMARK [1][]{section.B.9}{B.9 Forskningsaftale til 859 millioner kroner er p\345 plads \0431}{appendix.B}% 59
\BOOKMARK [1][]{section.B.10}{B.10 Forskningsaftale til 859 millioner kroner er p\345 plads \0432}{appendix.B}% 60
\BOOKMARK [0][]{appendix.C}{C Data Diagrams}{}% 61
\BOOKMARK [0][]{appendix.D}{D Evaluation Diagrams}{}% 62
\BOOKMARK [0][]{figure.caption.50}{Bibliography}{}% 63
