This is pdfTeX, Version 3.1415926-2.4-1.40.13 (MiKTeX 2.9) (preloaded format=pdflatex 2013.12.18)  27 MAY 2014 15:11
entering extended mode
**Thesis.tex
(C:\Users\Brian.L.Pedersen\Documents\GitHub\EksamensProjekt\Thesis.tex
LaTeX2e <2011/06/27>
Babel <v3.8m> and hyphenation patterns for english, afrikaans, ancientgreek, ar
abic, armenian, assamese, basque, bengali, bokmal, bulgarian, catalan, coptic, 
croatian, czech, danish, dutch, esperanto, estonian, farsi, finnish, french, ga
lician, german, german-x-2012-05-30, greek, gujarati, hindi, hungarian, iceland
ic, indonesian, interlingua, irish, italian, kannada, kurmanji, latin, latvian,
 lithuanian, malayalam, marathi, mongolian, mongolianlmc, monogreek, ngerman, n
german-x-2012-05-30, nynorsk, oriya, panjabi, pinyin, polish, portuguese, roman
ian, russian, sanskrit, serbian, slovak, slovenian, spanish, swedish, swissgerm
an, tamil, telugu, turkish, turkmen, ukenglish, ukrainian, uppersorbian, usengl
ishmax, welsh, loaded.
("C:\Program Files (x86)\MiKTeX 2.9\tex\latex\base\book.cls"
Document Class: book 2007/10/19 v1.4h Standard LaTeX document class
("C:\Program Files (x86)\MiKTeX 2.9\tex\latex\base\bk10.clo"
File: bk10.clo 2007/10/19 v1.4h Standard LaTeX file (size option)
)
\c@part=\count79
\c@chapter=\count80
\c@section=\count81
\c@subsection=\count82
\c@subsubsection=\count83
\c@paragraph=\count84
\c@subparagraph=\count85
\c@figure=\count86
\c@table=\count87
\abovecaptionskip=\skip41
\belowcaptionskip=\skip42
\bibindent=\dimen102
)
(C:\Users\Brian.L.Pedersen\Documents\GitHub\EksamensProjekt\LukeThesis.sty
----------------------------------------------------
USING LUKE'S PHD THESIS TEMPLATE 1.2
----------------------------------------------------
("C:\Program Files (x86)\MiKTeX 2.9\tex\latex\base\inputenc.sty"
Package: inputenc 2008/03/30 v1.1d Input encoding file
\inpenc@prehook=\toks14
\inpenc@posthook=\toks15

("C:\Program Files (x86)\MiKTeX 2.9\tex\latex\base\utf8.def"
File: utf8.def 2008/04/05 v1.1m UTF-8 support for inputenc
Now handling font encoding OML ...
... no UTF-8 mapping file for font encoding OML
Now handling font encoding T1 ...
... processing UTF-8 mapping file for font encoding T1

("C:\Program Files (x86)\MiKTeX 2.9\tex\latex\base\t1enc.dfu"
File: t1enc.dfu 2008/04/05 v1.1m UTF-8 support for inputenc
   defining Unicode char U+00A1 (decimal 161)
   defining Unicode char U+00A3 (decimal 163)
   defining Unicode char U+00AB (decimal 171)
   defining Unicode char U+00BB (decimal 187)
   defining Unicode char U+00BF (decimal 191)
   defining Unicode char U+00C0 (decimal 192)
   defining Unicode char U+00C1 (decimal 193)
   defining Unicode char U+00C2 (decimal 194)
   defining Unicode char U+00C3 (decimal 195)
   defining Unicode char U+00C4 (decimal 196)
   defining Unicode char U+00C5 (decimal 197)
   defining Unicode char U+00C6 (decimal 198)
   defining Unicode char U+00C7 (decimal 199)
   defining Unicode char U+00C8 (decimal 200)
   defining Unicode char U+00C9 (decimal 201)
   defining Unicode char U+00CA (decimal 202)
   defining Unicode char U+00CB (decimal 203)
   defining Unicode char U+00CC (decimal 204)
   defining Unicode char U+00CD (decimal 205)
   defining Unicode char U+00CE (decimal 206)
   defining Unicode char U+00CF (decimal 207)
   defining Unicode char U+00D0 (decimal 208)
   defining Unicode char U+00D1 (decimal 209)
   defining Unicode char U+00D2 (decimal 210)
   defining Unicode char U+00D3 (decimal 211)
   defining Unicode char U+00D4 (decimal 212)
   defining Unicode char U+00D5 (decimal 213)
   defining Unicode char U+00D6 (decimal 214)
   defining Unicode char U+00D8 (decimal 216)
   defining Unicode char U+00D9 (decimal 217)
   defining Unicode char U+00DA (decimal 218)
   defining Unicode char U+00DB (decimal 219)
   defining Unicode char U+00DC (decimal 220)
   defining Unicode char U+00DD (decimal 221)
   defining Unicode char U+00DE (decimal 222)
   defining Unicode char U+00DF (decimal 223)
   defining Unicode char U+00E0 (decimal 224)
   defining Unicode char U+00E1 (decimal 225)
   defining Unicode char U+00E2 (decimal 226)
   defining Unicode char U+00E3 (decimal 227)
   defining Unicode char U+00E4 (decimal 228)
   defining Unicode char U+00E5 (decimal 229)
   defining Unicode char U+00E6 (decimal 230)
   defining Unicode char U+00E7 (decimal 231)
   defining Unicode char U+00E8 (decimal 232)
   defining Unicode char U+00E9 (decimal 233)
   defining Unicode char U+00EA (decimal 234)
   defining Unicode char U+00EB (decimal 235)
   defining Unicode char U+00EC (decimal 236)
   defining Unicode char U+00ED (decimal 237)
   defining Unicode char U+00EE (decimal 238)
   defining Unicode char U+00EF (decimal 239)
   defining Unicode char U+00F0 (decimal 240)
   defining Unicode char U+00F1 (decimal 241)
   defining Unicode char U+00F2 (decimal 242)
   defining Unicode char U+00F3 (decimal 243)
   defining Unicode char U+00F4 (decimal 244)
   defining Unicode char U+00F5 (decimal 245)
   defining Unicode char U+00F6 (decimal 246)
   defining Unicode char U+00F8 (decimal 248)
   defining Unicode char U+00F9 (decimal 249)
   defining Unicode char U+00FA (decimal 250)
   defining Unicode char U+00FB (decimal 251)
   defining Unicode char U+00FC (decimal 252)
   defining Unicode char U+00FD (decimal 253)
   defining Unicode char U+00FE (decimal 254)
   defining Unicode char U+00FF (decimal 255)
   defining Unicode char U+0102 (decimal 258)
   defining Unicode char U+0103 (decimal 259)
   defining Unicode char U+0104 (decimal 260)
   defining Unicode char U+0105 (decimal 261)
   defining Unicode char U+0106 (decimal 262)
   defining Unicode char U+0107 (decimal 263)
   defining Unicode char U+010C (decimal 268)
   defining Unicode char U+010D (decimal 269)
   defining Unicode char U+010E (decimal 270)
   defining Unicode char U+010F (decimal 271)
   defining Unicode char U+0110 (decimal 272)
   defining Unicode char U+0111 (decimal 273)
   defining Unicode char U+0118 (decimal 280)
   defining Unicode char U+0119 (decimal 281)
   defining Unicode char U+011A (decimal 282)
   defining Unicode char U+011B (decimal 283)
   defining Unicode char U+011E (decimal 286)
   defining Unicode char U+011F (decimal 287)
   defining Unicode char U+0130 (decimal 304)
   defining Unicode char U+0131 (decimal 305)
   defining Unicode char U+0132 (decimal 306)
   defining Unicode char U+0133 (decimal 307)
   defining Unicode char U+0139 (decimal 313)
   defining Unicode char U+013A (decimal 314)
   defining Unicode char U+013D (decimal 317)
   defining Unicode char U+013E (decimal 318)
   defining Unicode char U+0141 (decimal 321)
   defining Unicode char U+0142 (decimal 322)
   defining Unicode char U+0143 (decimal 323)
   defining Unicode char U+0144 (decimal 324)
   defining Unicode char U+0147 (decimal 327)
   defining Unicode char U+0148 (decimal 328)
   defining Unicode char U+014A (decimal 330)
   defining Unicode char U+014B (decimal 331)
   defining Unicode char U+0150 (decimal 336)
   defining Unicode char U+0151 (decimal 337)
   defining Unicode char U+0152 (decimal 338)
   defining Unicode char U+0153 (decimal 339)
   defining Unicode char U+0154 (decimal 340)
   defining Unicode char U+0155 (decimal 341)
   defining Unicode char U+0158 (decimal 344)
   defining Unicode char U+0159 (decimal 345)
   defining Unicode char U+015A (decimal 346)
   defining Unicode char U+015B (decimal 347)
   defining Unicode char U+015E (decimal 350)
   defining Unicode char U+015F (decimal 351)
   defining Unicode char U+0160 (decimal 352)
   defining Unicode char U+0161 (decimal 353)
   defining Unicode char U+0162 (decimal 354)
   defining Unicode char U+0163 (decimal 355)
   defining Unicode char U+0164 (decimal 356)
   defining Unicode char U+0165 (decimal 357)
   defining Unicode char U+016E (decimal 366)
   defining Unicode char U+016F (decimal 367)
   defining Unicode char U+0170 (decimal 368)
   defining Unicode char U+0171 (decimal 369)
   defining Unicode char U+0178 (decimal 376)
   defining Unicode char U+0179 (decimal 377)
   defining Unicode char U+017A (decimal 378)
   defining Unicode char U+017B (decimal 379)
   defining Unicode char U+017C (decimal 380)
   defining Unicode char U+017D (decimal 381)
   defining Unicode char U+017E (decimal 382)
   defining Unicode char U+200C (decimal 8204)
   defining Unicode char U+2013 (decimal 8211)
   defining Unicode char U+2014 (decimal 8212)
   defining Unicode char U+2018 (decimal 8216)
   defining Unicode char U+2019 (decimal 8217)
   defining Unicode char U+201A (decimal 8218)
   defining Unicode char U+201C (decimal 8220)
   defining Unicode char U+201D (decimal 8221)
   defining Unicode char U+201E (decimal 8222)
   defining Unicode char U+2030 (decimal 8240)
   defining Unicode char U+2031 (decimal 8241)
   defining Unicode char U+2039 (decimal 8249)
   defining Unicode char U+203A (decimal 8250)
   defining Unicode char U+2423 (decimal 9251)
)
Now handling font encoding OT1 ...
... processing UTF-8 mapping file for font encoding OT1

("C:\Program Files (x86)\MiKTeX 2.9\tex\latex\base\ot1enc.dfu"
File: ot1enc.dfu 2008/04/05 v1.1m UTF-8 support for inputenc
   defining Unicode char U+00A1 (decimal 161)
   defining Unicode char U+00A3 (decimal 163)
   defining Unicode char U+00B8 (decimal 184)
   defining Unicode char U+00BF (decimal 191)
   defining Unicode char U+00C5 (decimal 197)
   defining Unicode char U+00C6 (decimal 198)
   defining Unicode char U+00D8 (decimal 216)
   defining Unicode char U+00DF (decimal 223)
   defining Unicode char U+00E6 (decimal 230)
   defining Unicode char U+00EC (decimal 236)
   defining Unicode char U+00ED (decimal 237)
   defining Unicode char U+00EE (decimal 238)
   defining Unicode char U+00EF (decimal 239)
   defining Unicode char U+00F8 (decimal 248)
   defining Unicode char U+0131 (decimal 305)
   defining Unicode char U+0141 (decimal 321)
   defining Unicode char U+0142 (decimal 322)
   defining Unicode char U+0152 (decimal 338)
   defining Unicode char U+0153 (decimal 339)
   defining Unicode char U+2013 (decimal 8211)
   defining Unicode char U+2014 (decimal 8212)
   defining Unicode char U+2018 (decimal 8216)
   defining Unicode char U+2019 (decimal 8217)
   defining Unicode char U+201C (decimal 8220)
   defining Unicode char U+201D (decimal 8221)
)
Now handling font encoding OMS ...
... processing UTF-8 mapping file for font encoding OMS

("C:\Program Files (x86)\MiKTeX 2.9\tex\latex\base\omsenc.dfu"
File: omsenc.dfu 2008/04/05 v1.1m UTF-8 support for inputenc
   defining Unicode char U+00A7 (decimal 167)
   defining Unicode char U+00B6 (decimal 182)
   defining Unicode char U+00B7 (decimal 183)
   defining Unicode char U+2020 (decimal 8224)
   defining Unicode char U+2021 (decimal 8225)
   defining Unicode char U+2022 (decimal 8226)
)
Now handling font encoding OMX ...
... no UTF-8 mapping file for font encoding OMX
Now handling font encoding U ...
... no UTF-8 mapping file for font encoding U
   defining Unicode char U+00A9 (decimal 169)
   defining Unicode char U+00AA (decimal 170)
   defining Unicode char U+00AE (decimal 174)
   defining Unicode char U+00BA (decimal 186)
   defining Unicode char U+02C6 (decimal 710)
   defining Unicode char U+02DC (decimal 732)
   defining Unicode char U+200C (decimal 8204)
   defining Unicode char U+2026 (decimal 8230)
   defining Unicode char U+2122 (decimal 8482)
   defining Unicode char U+2423 (decimal 9251)
))
("C:\Program Files (x86)\MiKTeX 2.9\tex\latex\base\fontenc.sty"
Package: fontenc 2005/09/27 v1.99g Standard LaTeX package

("C:\Program Files (x86)\MiKTeX 2.9\tex\latex\base\t1enc.def"
File: t1enc.def 2005/09/27 v1.99g Standard LaTeX file
LaTeX Font Info:    Redeclaring font encoding T1 on input line 43.
))
("C:\Program Files (x86)\MiKTeX 2.9\tex\generic\babel\babel.sty"
Package: babel 2008/07/08 v3.8m The Babel package

*************************************
* Local config file bblopts.cfg used
*
("C:\Program Files (x86)\MiKTeX 2.9\tex\latex\00miktex\bblopts.cfg"
File: bblopts.cfg 2006/07/31 v1.0 MiKTeX 'babel' configuration
)
("C:\Program Files (x86)\MiKTeX 2.9\tex\generic\babel\danish.ldf"
Language: danish 2009/09/19 v1.3r Danish support from the babel system

("C:\Program Files (x86)\MiKTeX 2.9\tex\generic\babel\babel.def"
File: babel.def 2008/07/08 v3.8m Babel common definitions
\babel@savecnt=\count88
\U@D=\dimen103
)
Package babel Info: Making " an active character on input line 82.
)
("C:\Program Files (x86)\MiKTeX 2.9\tex\generic\babel\english.ldf"
Language: english 2005/03/30 v3.3o English support from the babel system
\l@canadian = a dialect from \language\l@american 
\l@australian = a dialect from \language\l@british 
\l@newzealand = a dialect from \language\l@british 
))
("C:\Program Files (x86)\MiKTeX 2.9\tex\latex\graphics\graphicx.sty"
Package: graphicx 1999/02/16 v1.0f Enhanced LaTeX Graphics (DPC,SPQR)

("C:\Program Files (x86)\MiKTeX 2.9\tex\latex\graphics\keyval.sty"
Package: keyval 1999/03/16 v1.13 key=value parser (DPC)
\KV@toks@=\toks16
)
("C:\Program Files (x86)\MiKTeX 2.9\tex\latex\graphics\graphics.sty"
Package: graphics 2009/02/05 v1.0o Standard LaTeX Graphics (DPC,SPQR)

("C:\Program Files (x86)\MiKTeX 2.9\tex\latex\graphics\trig.sty"
Package: trig 1999/03/16 v1.09 sin cos tan (DPC)
)
("C:\Program Files (x86)\MiKTeX 2.9\tex\latex\00miktex\graphics.cfg"
File: graphics.cfg 2007/01/18 v1.5 graphics configuration of teTeX/TeXLive
)
Package graphics Info: Driver file: pdftex.def on input line 91.

("C:\Program Files (x86)\MiKTeX 2.9\tex\latex\pdftex-def\pdftex.def"
File: pdftex.def 2011/05/27 v0.06d Graphics/color for pdfTeX

("C:\Program Files (x86)\MiKTeX 2.9\tex\generic\oberdiek\infwarerr.sty"
Package: infwarerr 2010/04/08 v1.3 Providing info/warning/error messages (HO)
)
("C:\Program Files (x86)\MiKTeX 2.9\tex\generic\oberdiek\ltxcmds.sty"
Package: ltxcmds 2011/11/09 v1.22 LaTeX kernel commands for general use (HO)
)
\Gread@gobject=\count89
))
\Gin@req@height=\dimen104
\Gin@req@width=\dimen105
)
("C:\Program Files (x86)\MiKTeX 2.9\tex\latex\xcolor\xcolor.sty"
Package: xcolor 2007/01/21 v2.11 LaTeX color extensions (UK)

("C:\Program Files (x86)\MiKTeX 2.9\tex\latex\00miktex\color.cfg"
File: color.cfg 2007/01/18 v1.5 color configuration of teTeX/TeXLive
)
Package xcolor Info: Driver file: pdftex.def on input line 225.
Package xcolor Info: Model `cmy' substituted by `cmy0' on input line 1337.
Package xcolor Info: Model `hsb' substituted by `rgb' on input line 1341.
Package xcolor Info: Model `RGB' extended on input line 1353.
Package xcolor Info: Model `HTML' substituted by `rgb' on input line 1355.
Package xcolor Info: Model `Hsb' substituted by `hsb' on input line 1356.
Package xcolor Info: Model `tHsb' substituted by `hsb' on input line 1357.
Package xcolor Info: Model `HSB' substituted by `hsb' on input line 1358.
Package xcolor Info: Model `Gray' substituted by `gray' on input line 1359.
Package xcolor Info: Model `wave' substituted by `hsb' on input line 1360.
)
("C:\Program Files (x86)\MiKTeX 2.9\tex\latex\caption\caption.sty"
Package: caption 2013/05/02 v3.3-89 Customizing captions (AR)

("C:\Program Files (x86)\MiKTeX 2.9\tex\latex\caption\caption3.sty"
Package: caption3 2013/05/02 v1.6-88 caption3 kernel (AR)
Package caption3 Info: TeX engine: e-TeX on input line 57.
\captionmargin=\dimen106
\captionmargin@=\dimen107
\captionwidth=\dimen108
\caption@tempdima=\dimen109
\caption@indent=\dimen110
\caption@parindent=\dimen111
\caption@hangindent=\dimen112
)
\c@ContinuedFloat=\count90
)
("C:\Program Files (x86)\MiKTeX 2.9\tex\latex\tools\varioref.sty"
Package: varioref 2011/10/02 v1.4z package for extended references (FMi)
\c@vrcnt=\count91
)
("C:\Program Files (x86)\MiKTeX 2.9\tex\latex\fancyhdr\fancyhdr.sty"
\fancy@headwidth=\skip43
\f@ncyO@elh=\skip44
\f@ncyO@erh=\skip45
\f@ncyO@olh=\skip46
\f@ncyO@orh=\skip47
\f@ncyO@elf=\skip48
\f@ncyO@erf=\skip49
\f@ncyO@olf=\skip50
\f@ncyO@orf=\skip51
)
("C:\Program Files (x86)\MiKTeX 2.9\tex\latex\hyperref\hyperref.sty"
Package: hyperref 2012/11/06 v6.83m Hypertext links for LaTeX

("C:\Program Files (x86)\MiKTeX 2.9\tex\generic\oberdiek\hobsub-hyperref.sty"
Package: hobsub-hyperref 2012/04/25 v1.12 Bundle oberdiek, subset hyperref (HO)


("C:\Program Files (x86)\MiKTeX 2.9\tex\generic\oberdiek\hobsub-generic.sty"
Package: hobsub-generic 2012/04/25 v1.12 Bundle oberdiek, subset generic (HO)
Package: hobsub 2012/04/25 v1.12 Construct package bundles (HO)
Package hobsub Info: Skipping package `infwarerr' (already loaded).
Package hobsub Info: Skipping package `ltxcmds' (already loaded).
Package: ifluatex 2010/03/01 v1.3 Provides the ifluatex switch (HO)
Package ifluatex Info: LuaTeX not detected.
Package: ifvtex 2010/03/01 v1.5 Detect VTeX and its facilities (HO)
Package ifvtex Info: VTeX not detected.
Package: intcalc 2007/09/27 v1.1 Expandable calculations with integers (HO)
Package: ifpdf 2011/01/30 v2.3 Provides the ifpdf switch (HO)
Package ifpdf Info: pdfTeX in PDF mode is detected.
Package: etexcmds 2011/02/16 v1.5 Avoid name clashes with e-TeX commands (HO)
Package etexcmds Info: Could not find \expanded.
(etexcmds)             That can mean that you are not using pdfTeX 1.50 or
(etexcmds)             that some package has redefined \expanded.
(etexcmds)             In the latter case, load this package earlier.
Package: kvsetkeys 2012/04/25 v1.16 Key value parser (HO)
Package: kvdefinekeys 2011/04/07 v1.3 Define keys (HO)
Package: pdftexcmds 2011/11/29 v0.20 Utility functions of pdfTeX for LuaTeX (HO
)
Package pdftexcmds Info: LuaTeX not detected.
Package pdftexcmds Info: \pdf@primitive is available.
Package pdftexcmds Info: \pdf@ifprimitive is available.
Package pdftexcmds Info: \pdfdraftmode found.
Package: pdfescape 2011/11/25 v1.13 Implements pdfTeX's escape features (HO)
Package: bigintcalc 2012/04/08 v1.3 Expandable calculations on big integers (HO
)
Package: bitset 2011/01/30 v1.1 Handle bit-vector datatype (HO)
Package: uniquecounter 2011/01/30 v1.2 Provide unlimited unique counter (HO)
)
Package hobsub Info: Skipping package `hobsub' (already loaded).
Package: letltxmacro 2010/09/02 v1.4 Let assignment for LaTeX macros (HO)
Package: hopatch 2011/06/24 v1.1 Wrapper for package hooks (HO)
Package: xcolor-patch 2011/01/30 xcolor patch
Package: atveryend 2011/06/30 v1.8 Hooks at the very end of document (HO)
Package atveryend Info: \enddocument detected (standard20110627).
Package: atbegshi 2011/10/05 v1.16 At begin shipout hook (HO)
Package: refcount 2011/10/16 v3.4 Data extraction from label references (HO)
Package: hycolor 2011/01/30 v1.7 Color options for hyperref/bookmark (HO)
)
("C:\Program Files (x86)\MiKTeX 2.9\tex\generic\ifxetex\ifxetex.sty"
Package: ifxetex 2010/09/12 v0.6 Provides ifxetex conditional
)
("C:\Program Files (x86)\MiKTeX 2.9\tex\latex\oberdiek\auxhook.sty"
Package: auxhook 2011/03/04 v1.3 Hooks for auxiliary files (HO)
)
("C:\Program Files (x86)\MiKTeX 2.9\tex\latex\oberdiek\kvoptions.sty"
Package: kvoptions 2011/06/30 v3.11 Key value format for package options (HO)
)
\@linkdim=\dimen113
\Hy@linkcounter=\count92
\Hy@pagecounter=\count93

("C:\Program Files (x86)\MiKTeX 2.9\tex\latex\hyperref\pd1enc.def"
File: pd1enc.def 2012/11/06 v6.83m Hyperref: PDFDocEncoding definition (HO)
Now handling font encoding PD1 ...
... no UTF-8 mapping file for font encoding PD1
)
\Hy@SavedSpaceFactor=\count94

("C:\Program Files (x86)\MiKTeX 2.9\tex\latex\00miktex\hyperref.cfg"
File: hyperref.cfg 2002/06/06 v1.2 hyperref configuration of TeXLive
)
Package hyperref Info: Hyper figures OFF on input line 4443.
Package hyperref Info: Link nesting OFF on input line 4448.
Package hyperref Info: Hyper index ON on input line 4451.
Package hyperref Info: Plain pages OFF on input line 4458.
Package hyperref Info: Backreferencing OFF on input line 4463.
Package hyperref Info: Implicit mode ON; LaTeX internals redefined.
Package hyperref Info: Bookmarks ON on input line 4688.
\c@Hy@tempcnt=\count95

("C:\Program Files (x86)\MiKTeX 2.9\tex\latex\ltxmisc\url.sty"
\Urlmuskip=\muskip10
Package: url 2006/04/12  ver 3.3  Verb mode for urls, etc.
)
LaTeX Info: Redefining \url on input line 5041.
\XeTeXLinkMargin=\dimen114
\Fld@menulength=\count96
\Field@Width=\dimen115
\Fld@charsize=\dimen116
Package hyperref Info: Hyper figures OFF on input line 6295.
Package hyperref Info: Link nesting OFF on input line 6300.
Package hyperref Info: Hyper index ON on input line 6303.
Package hyperref Info: backreferencing OFF on input line 6310.
Package hyperref Info: Link coloring OFF on input line 6315.
Package hyperref Info: Link coloring with OCG OFF on input line 6320.
Package hyperref Info: PDF/A mode OFF on input line 6325.
LaTeX Info: Redefining \ref on input line 6365.
LaTeX Info: Redefining \pageref on input line 6369.
\Hy@abspage=\count97
\c@Item=\count98
\c@Hfootnote=\count99
)

Package hyperref Message: Driver (autodetected): hpdftex.

("C:\Program Files (x86)\MiKTeX 2.9\tex\latex\hyperref\hpdftex.def"
File: hpdftex.def 2012/11/06 v6.83m Hyperref driver for pdfTeX
\Fld@listcount=\count100
\c@bookmark@seq@number=\count101

("C:\Program Files (x86)\MiKTeX 2.9\tex\latex\oberdiek\rerunfilecheck.sty"
Package: rerunfilecheck 2011/04/15 v1.7 Rerun checks for auxiliary files (HO)
Package uniquecounter Info: New unique counter `rerunfilecheck' on input line 2
82.
)
\Hy@SectionHShift=\skip52
)
("C:\Program Files (x86)\MiKTeX 2.9\tex\latex\amsmath\amsmath.sty"
Package: amsmath 2013/01/14 v2.14 AMS math features
\@mathmargin=\skip53

For additional information on amsmath, use the `?' option.
("C:\Program Files (x86)\MiKTeX 2.9\tex\latex\amsmath\amstext.sty"
Package: amstext 2000/06/29 v2.01

("C:\Program Files (x86)\MiKTeX 2.9\tex\latex\amsmath\amsgen.sty"
File: amsgen.sty 1999/11/30 v2.0
\@emptytoks=\toks17
\ex@=\dimen117
))
("C:\Program Files (x86)\MiKTeX 2.9\tex\latex\amsmath\amsbsy.sty"
Package: amsbsy 1999/11/29 v1.2d
\pmbraise@=\dimen118
)
("C:\Program Files (x86)\MiKTeX 2.9\tex\latex\amsmath\amsopn.sty"
Package: amsopn 1999/12/14 v2.01 operator names
)
\inf@bad=\count102
LaTeX Info: Redefining \frac on input line 210.
\uproot@=\count103
\leftroot@=\count104
LaTeX Info: Redefining \overline on input line 306.
\classnum@=\count105
\DOTSCASE@=\count106
LaTeX Info: Redefining \ldots on input line 378.
LaTeX Info: Redefining \dots on input line 381.
LaTeX Info: Redefining \cdots on input line 466.
\Mathstrutbox@=\box26
\strutbox@=\box27
\big@size=\dimen119
LaTeX Font Info:    Redeclaring font encoding OML on input line 566.
LaTeX Font Info:    Redeclaring font encoding OMS on input line 567.
\macc@depth=\count107
\c@MaxMatrixCols=\count108
\dotsspace@=\muskip11
\c@parentequation=\count109
\dspbrk@lvl=\count110
\tag@help=\toks18
\row@=\count111
\column@=\count112
\maxfields@=\count113
\andhelp@=\toks19
\eqnshift@=\dimen120
\alignsep@=\dimen121
\tagshift@=\dimen122
\tagwidth@=\dimen123
\totwidth@=\dimen124
\lineht@=\dimen125
\@envbody=\toks20
\multlinegap=\skip54
\multlinetaggap=\skip55
\mathdisplay@stack=\toks21
LaTeX Info: Redefining \[ on input line 2665.
LaTeX Info: Redefining \] on input line 2666.
)
("C:\Program Files (x86)\MiKTeX 2.9\tex\latex\amsfonts\amssymb.sty"
Package: amssymb 2013/01/14 v3.01 AMS font symbols

("C:\Program Files (x86)\MiKTeX 2.9\tex\latex\amsfonts\amsfonts.sty"
Package: amsfonts 2013/01/14 v3.01 Basic AMSFonts support
\symAMSa=\mathgroup4
\symAMSb=\mathgroup5
LaTeX Font Info:    Overwriting math alphabet `\mathfrak' in version `bold'
(Font)                  U/euf/m/n --> U/euf/b/n on input line 106.
))
("C:\Program Files (x86)\MiKTeX 2.9\tex\latex\base\latexsym.sty"
Package: latexsym 1998/08/17 v2.2e Standard LaTeX package (lasy symbols)
\symlasy=\mathgroup6
LaTeX Font Info:    Overwriting symbol font `lasy' in version `bold'
(Font)                  U/lasy/m/n --> U/lasy/b/n on input line 47.
)
("C:\Program Files (x86)\MiKTeX 2.9\tex\latex\eepic\epic.sty"
Enhancements to Picture Environment. Version 1.2 - Released June 1, 1986
\@@multicnt=\count114
\d@lta=\count115
\@delta=\dimen126
\@@delta=\dimen127
\@gridcnt=\count116
\@joinkind=\count117
\@dotgap=\dimen128
\@ddotgap=\dimen129
\@x@diff=\count118
\@y@diff=\count119
\x@diff=\dimen130
\y@diff=\dimen131
\@dotbox=\box28
\num@segments=\count120
\num@segmentsi=\count121
\@datafile=\read1
) ("C:\Program Files (x86)\MiKTeX 2.9\tex\latex\eepic\eepic.sty"
Extension to Epic and LaTeX. Version 1.1e - Released Dec 21, 1999
\@gphlinewidth=\count122
\@eepictcnt=\count123
\@tempdimc=\dimen132
\maxovaldiam=\dimen133
\@filltype=\box29
) ("C:\Program Files (x86)\MiKTeX 2.9\tex\latex\graphics\epsfig.sty"
Package: epsfig 1999/02/16 v1.7a (e)psfig emulation (SPQR)
\epsfxsize=\dimen134
\epsfysize=\dimen135
)
("C:\Program Files (x86)\MiKTeX 2.9\tex\latex\psfrag\psfrag.sty"
Package: psfrag 1998/04/11 v3.04 PSfrag (MCG)
\pfg@pcount=\count124
\pfg@scount=\count125
\pfg@temp=\write3
)
("C:\Program Files (x86)\MiKTeX 2.9\tex\latex\tools\theorem.sty"
Package: theorem 1995/11/23 v2.2c Theorem extension package (FMi)
\theorem@style=\toks22
\theorem@bodyfont=\toks23
\theorempreskipamount=\skip56
\theorempostskipamount=\skip57

("C:\Program Files (x86)\MiKTeX 2.9\tex\latex\tools\thp.sty"
File: thp.sty 1995/11/23 v2.2c Theorem extension package (FMi)
))
\c@lemma=\count126
\c@example=\count127
)
("C:\Program Files (x86)\MiKTeX 2.9\tex\latex\rotating\rotating.sty"
Package: rotating 2009/03/28 v2.16a rotated objects in LaTeX

("C:\Program Files (x86)\MiKTeX 2.9\tex\latex\base\ifthen.sty"
Package: ifthen 2001/05/26 v1.1c Standard LaTeX ifthen package (DPC)
)
\c@r@tfl@t=\count128
\rotFPtop=\skip58
\rotFPbot=\skip59
\rot@float@box=\box30
\rot@mess@toks=\toks24
)
("C:\Program Files (x86)\MiKTeX 2.9\tex\latex\listings\listings.sty"
\lst@mode=\count129
\lst@gtempboxa=\box31
\lst@token=\toks25
\lst@length=\count130
\lst@currlwidth=\dimen136
\lst@column=\count131
\lst@pos=\count132
\lst@lostspace=\dimen137
\lst@width=\dimen138
\lst@newlines=\count133
\lst@lineno=\count134
\lst@maxwidth=\dimen139

("C:\Program Files (x86)\MiKTeX 2.9\tex\latex\listings\lstmisc.sty"
File: lstmisc.sty 2014/03/04 1.5c (Carsten Heinz)
\c@lstnumber=\count135
\lst@skipnumbers=\count136
\lst@framebox=\box32
)
("C:\Program Files (x86)\MiKTeX 2.9\tex\latex\listings\listings.cfg"
File: listings.cfg 2014/03/04 1.5c listings configuration
))
Package: listings 2014/03/04 1.5c (Carsten Heinz)
Package hyperref Info: Option `breaklinks' set `true' on input line 46.
Package hyperref Info: Option `bookmarksopen' set `true' on input line 46.
Package hyperref Info: Option `bookmarksnumbered' set `true' on input line 46.
Package hyperref Info: Option `plainpages' set `false' on input line 46.

(C:\Users\Brian.L.Pedersen\Documents\GitHub\EksamensProjekt\Thesis.aux
(C:\Users\Brian.L.Pedersen\Documents\GitHub\EksamensProjekt\ChapterIntroduction
.aux) (C:\Users\Brian.L.Pedersen\Documents\GitHub\EksamensProjekt\Chapter2.aux)
(C:\Users\Brian.L.Pedersen\Documents\GitHub\EksamensProjekt\Chapter3.aux)
(C:\Users\Brian.L.Pedersen\Documents\GitHub\EksamensProjekt\Implementation.aux)
(C:\Users\Brian.L.Pedersen\Documents\GitHub\EksamensProjekt\Test.aux)
(C:\Users\Brian.L.Pedersen\Documents\GitHub\EksamensProjekt\Evaluation.aux)
(C:\Users\Brian.L.Pedersen\Documents\GitHub\EksamensProjekt\Appendix1.aux)
(C:\Users\Brian.L.Pedersen\Documents\GitHub\EksamensProjekt\ArticleContent.aux)

(C:\Users\Brian.L.Pedersen\Documents\GitHub\EksamensProjekt\DatadiagramsAppendi
x.aux)
(C:\Users\Brian.L.Pedersen\Documents\GitHub\EksamensProjekt\EvaluationAppendix.
aux))
LaTeX Font Info:    Checking defaults for OML/cmm/m/it on input line 57.
LaTeX Font Info:    ... okay on input line 57.
LaTeX Font Info:    Checking defaults for T1/cmr/m/n on input line 57.
LaTeX Font Info:    ... okay on input line 57.
LaTeX Font Info:    Checking defaults for OT1/cmr/m/n on input line 57.
LaTeX Font Info:    ... okay on input line 57.
LaTeX Font Info:    Checking defaults for OMS/cmsy/m/n on input line 57.
LaTeX Font Info:    ... okay on input line 57.
LaTeX Font Info:    Checking defaults for OMX/cmex/m/n on input line 57.
LaTeX Font Info:    ... okay on input line 57.
LaTeX Font Info:    Checking defaults for U/cmr/m/n on input line 57.
LaTeX Font Info:    ... okay on input line 57.
LaTeX Font Info:    Checking defaults for PD1/pdf/m/n on input line 57.
LaTeX Font Info:    ... okay on input line 57.
 ("C:\Program Files (x86)\MiKTeX 2.9\tex\context\base\supp-pdf.mkii"
[Loading MPS to PDF converter (version 2006.09.02).]
\scratchcounter=\count137
\scratchdimen=\dimen140
\scratchbox=\box33
\nofMPsegments=\count138
\nofMParguments=\count139
\everyMPshowfont=\toks26
\MPscratchCnt=\count140
\MPscratchDim=\dimen141
\MPnumerator=\count141
\makeMPintoPDFobject=\count142
\everyMPtoPDFconversion=\toks27
)
Package caption Info: Begin \AtBeginDocument code.
Package caption Info: hyperref package is loaded.
Package caption Info: listings package is loaded.
Package caption Info: rotating package is loaded.
Package caption Info: End \AtBeginDocument code.
\AtBeginShipoutBox=\box34
Package hyperref Info: Link coloring OFF on input line 57.
 ("C:\Program Files (x86)\MiKTeX 2.9\tex\latex\hyperref\nameref.sty"
Package: nameref 2012/10/27 v2.43 Cross-referencing by name of section

("C:\Program Files (x86)\MiKTeX 2.9\tex\generic\oberdiek\gettitlestring.sty"
Package: gettitlestring 2010/12/03 v1.4 Cleanup title references (HO)
)
\c@section@level=\count143
LaTeX Info: Redefining \Ref on input line 513.
)
LaTeX Info: Redefining \ref on input line 57.
LaTeX Info: Redefining \pageref on input line 57.
LaTeX Info: Redefining \nameref on input line 57.

(C:\Users\Brian.L.Pedersen\Documents\GitHub\EksamensProjekt\Thesis.out)
(C:\Users\Brian.L.Pedersen\Documents\GitHub\EksamensProjekt\Thesis.out)
\@outlinefile=\write4
LaTeX Info: Redefining \Ref on input line 57.
\c@lstlisting=\count144
LaTeX Font Info:    Try loading font information for T1+cmss on input line 61.

("C:\Program Files (x86)\MiKTeX 2.9\tex\latex\base\t1cmss.fd"
File: t1cmss.fd 1999/05/25 v2.5h Standard LaTeX font definitions
)
<figures/DTU-logo.pdf, id=255, 38.98846pt x 56.87358pt>
File: figures/DTU-logo.pdf Graphic file (type pdf)

<use figures/DTU-logo.pdf>
Package pdftex.def Info: figures/DTU-logo.pdf used on input line 61.
(pdftex.def)             Requested size: 77.97668pt x 113.74683pt.
 [1
Non-PDF special ignored!


Non-PDF special ignored!{C:/ProgramData/MiKTeX/2.9/pdftex/config/pdftex.map} <C
:/Users/Brian.L.Pedersen/Documents/GitHub/EksamensProjekt/figures/DTU-logo.pdf>
] [2] (C:\Users\Brian.L.Pedersen\Documents\GitHub\EksamensProjekt\SummaryUK.tex
LaTeX Font Info:    Try loading font information for U+msa on input line 1.
("C:\Program Files (x86)\MiKTeX 2.9\tex\latex\amsfonts\umsa.fd"
File: umsa.fd 2013/01/14 v3.01 AMS symbols A
)
LaTeX Font Info:    Try loading font information for U+msb on input line 1.

("C:\Program Files (x86)\MiKTeX 2.9\tex\latex\amsfonts\umsb.fd"
File: umsb.fd 2013/01/14 v3.01 AMS symbols B
)
LaTeX Font Info:    Try loading font information for U+lasy on input line 1.

("C:\Program Files (x86)\MiKTeX 2.9\tex\latex\base\ulasy.fd"
File: ulasy.fd 1998/08/17 v2.2e LaTeX symbol font definitions
))
(C:\Users\Brian.L.Pedersen\Documents\GitHub\EksamensProjekt\SummaryDK.tex
[1


] [2

])
(C:\Users\Brian.L.Pedersen\Documents\GitHub\EksamensProjekt\Preface.tex
[3] [4

] <figures/SignatureDummy.jpg, id=290, 257.46187pt x 103.13531pt>
File: figures/SignatureDummy.jpg Graphic file (type jpg)

<use figures/SignatureDummy.jpg>
Package pdftex.def Info: figures/SignatureDummy.jpg used on input line 23.
(pdftex.def)             Requested size: 128.7306pt x 51.56752pt.

Underfull \vbox (badness 1097) has occurred while \output is active []

 [5])
(C:\Users\Brian.L.Pedersen\Documents\GitHub\EksamensProjekt\Acknowledgements.te
x [6 <C:/Users/Brian.L.Pedersen/Documents/GitHub/EksamensProjekt/figures/Signat
ureDummy.jpg>]) [7

] [8]
(C:\Users\Brian.L.Pedersen\Documents\GitHub\EksamensProjekt\Thesis.toc [9

]
[10])
\tf@toc=\write5
 [11] [12

]
(C:\Users\Brian.L.Pedersen\Documents\GitHub\EksamensProjekt\ChapterIntroduction
.tex
Chapter 1.
LaTeX Font Info:    Try loading font information for T1+cmtt on input line 2.
("C:\Program Files (x86)\MiKTeX 2.9\tex\latex\base\t1cmtt.fd"
File: t1cmtt.fd 1999/05/25 v2.5h Standard LaTeX font definitions
) [1


]
Underfull \vbox (badness 10000) has occurred while \output is active []

 [2])
[3] (C:\Users\Brian.L.Pedersen\Documents\GitHub\EksamensProjekt\Chapter2.tex
[4



]
Chapter 2.
LaTeX Font Info:    Try loading font information for OMS+cmr on input line 9.
("C:\Program Files (x86)\MiKTeX 2.9\tex\latex\base\omscmr.fd"
File: omscmr.fd 1999/05/25 v2.5h Standard LaTeX font definitions
)
LaTeX Font Info:    Font shape `OMS/cmr/m/n' in size <10> not available
(Font)              Font shape `OMS/cmsy/m/n' tried instead on input line 9.
 [5] [6]
Underfull \hbox (badness 10000) in paragraph at lines 44--44
[][][][]$\T1/cmtt/m/n/8 http : / / www\OML/cmm/m/it/8 :\T1/cmtt/m/n/8 theguardi
an\OML/cmm/m/it/8 :\T1/cmtt/m/n/8 com / world / 2011 / feb / 16 / german -[] de
fence -[] minister -[]$
 []


Underfull \hbox (badness 10000) in paragraph at lines 44--44
[][][][]$\T1/cmtt/m/n/8 http : / / www\OML/cmm/m/it/8 :\T1/cmtt/m/n/8 nytimes\O
ML/cmm/m/it/8 :\T1/cmtt/m/n/8 com / 2012 / 04 / 03 / world / europe / hungarian
 -[] president -[] pal -[]$
 []

[7]) [8]
(C:\Users\Brian.L.Pedersen\Documents\GitHub\EksamensProjekt\Chapter3.tex
Chapter 3.
[9



] [10] <figures/SingleAlgoScore.jpg, id=494, 365.86688pt x 322.95656pt>
File: figures/SingleAlgoScore.jpg Graphic file (type jpg)

<use figures/SingleAlgoScore.jpg>
Package pdftex.def Info: figures/SingleAlgoScore.jpg used on input line 31.
(pdftex.def)             Requested size: 182.93298pt x 161.47787pt.

<figures/MultipleAlgoScores.jpg, id=497, 810.77907pt x 323.70938pt>
File: figures/MultipleAlgoScores.jpg Graphic file (type jpg)

<use figures/MultipleAlgoScores.jpg>
Package pdftex.def Info: figures/MultipleAlgoScores.jpg used on input line 39.
(pdftex.def)             Requested size: 243.2356pt x 97.11356pt.

<figures/SystemArchitecture.jpg, id=500, 639.13782pt x 527.72156pt>
File: figures/SystemArchitecture.jpg Graphic file (type jpg)

<use figures/SystemArchitecture.jpg>
Package pdftex.def Info: figures/SystemArchitecture.jpg used on input line 49.
(pdftex.def)             Requested size: 319.56813pt x 263.86014pt.

Underfull \hbox (badness 10000) in paragraph at lines 50--50
[][]|\T1/cmr/m/n/10 Sys-tem Ar-chi-tec-ture, with many al-go-rithms do-ing text

 []


LaTeX Warning: `h' float specifier changed to `ht'.

[11 <C:/Users/Brian.L.Pedersen/Documents/GitHub/EksamensProjekt/figures/SingleA
lgoScore.jpg> <C:/Users/Brian.L.Pedersen/Documents/GitHub/EksamensProjekt/figur
es/MultipleAlgoScores.jpg>]
Underfull \vbox (badness 10000) has occurred while \output is active []

 [12 <C:/Users/Brian.L.Pedersen/Documents/GitHub/EksamensProjekt/figures/System
Architecture.jpg>] [13] <figures/LcsExplained.jpg, id=528, 434.37282pt x 151.31
53pt>
File: figures/LcsExplained.jpg Graphic file (type jpg)

<use figures/LcsExplained.jpg>
Package pdftex.def Info: figures/LcsExplained.jpg used on input line 71.
(pdftex.def)             Requested size: 325.77881pt x 113.48619pt.
 [14 <C:/Users/Brian.L.Pedersen/Documents/GitHub/EksamensProjekt/figures/LcsExp
lained.jpg>] [15] [16] [17] [18]) [19]
(C:\Users\Brian.L.Pedersen\Documents\GitHub\EksamensProjekt\Implementation.tex
[20



]
Chapter 4.
("C:\Program Files (x86)\MiKTeX 2.9\tex\latex\listings\lstlang1.sty"
File: lstlang1.sty 2014/03/04 1.5c listings language file
)
Package hyperref Info: bookmark level for unknown lstlisting defaults to 0 on i
nput line 13.
 [21]
[22]
Underfull \hbox (badness 10000) in paragraph at lines 52--52
[][][][]$\T1/cmtt/m/n/8 http : / / en\OML/cmm/m/it/8 :\T1/cmtt/m/n/8 wikibooks\
OML/cmm/m/it/8 :\T1/cmtt/m/n/8 org / wiki / Algorithm[]Implementation / Strings
 /$
 []

[23] [24] [25] [26] [27]
<figures/Datatypes.jpg, id=723, 271.76532pt x 179.16937pt>
File: figures/Datatypes.jpg Graphic file (type jpg)

<use figures/Datatypes.jpg>
Package pdftex.def Info: figures/Datatypes.jpg used on input line 163.
(pdftex.def)             Requested size: 190.23442pt x 125.4177pt.

<figures/Dataflow.jpg, id=724, 72.27pt x 287.57437pt>
File: figures/Dataflow.jpg Graphic file (type jpg)

<use figures/Dataflow.jpg>
Package pdftex.def Info: figures/Dataflow.jpg used on input line 171.
(pdftex.def)             Requested size: 72.2698pt x 287.57367pt.
) [28 <C:/Users/Brian.L.Pedersen/Documents/GitHub/EksamensProjekt/figures/Datat
ypes.jpg>] [29 <C:/Users/Brian.L.Pedersen/Documents/GitHub/EksamensProjekt/figu
res/Dataflow.jpg>]
(C:\Users\Brian.L.Pedersen\Documents\GitHub\EksamensProjekt\Test.tex [30



]
Chapter 5.
[31] <figures/LcsExample.jpg, id=744, 805.50937pt x 347.79938pt>
File: figures/LcsExample.jpg Graphic file (type jpg)

<use figures/LcsExample.jpg>
Package pdftex.def Info: figures/LcsExample.jpg used on input line 13.
(pdftex.def)             Requested size: 322.19803pt x 139.11728pt.
 [32 <C:/Users/Brian.L.Pedersen/Documents/GitHub/EksamensProjekt/figures/LcsExa
mple.jpg>]
<figures/PerfectMatch.jpg, id=753, 947.03813pt x 490.83376pt>
File: figures/PerfectMatch.jpg Graphic file (type jpg)

<use figures/PerfectMatch.jpg>
Package pdftex.def Info: figures/PerfectMatch.jpg used on input line 28.
(pdftex.def)             Requested size: 331.4683pt x 171.79439pt.
 [33 <C:/Users/Brian.L.Pedersen/Documents/GitHub/EksamensProjekt/figures/Perfec
tMatch.jpg>]
<figures/SubstringCollection.jpg, id=767, 911.65594pt x 693.34032pt>
File: figures/SubstringCollection.jpg Graphic file (type jpg)

<use figures/SubstringCollection.jpg>
Package pdftex.def Info: figures/SubstringCollection.jpg used on input line 42.

(pdftex.def)             Requested size: 319.08435pt x 242.67274pt.

Underfull \vbox (badness 2426) has occurred while \output is active []

 [34]
[35 <C:/Users/Brian.L.Pedersen/Documents/GitHub/EksamensProjekt/figures/Substri
ngCollection.jpg>]
<figures/FractileNoise.jpg, id=781, 303.38344pt x 303.38344pt>
File: figures/FractileNoise.jpg Graphic file (type jpg)

<use figures/FractileNoise.jpg>
Package pdftex.def Info: figures/FractileNoise.jpg used on input line 56.
(pdftex.def)             Requested size: 303.38269pt x 303.38269pt.

<figures/FractileNoNoise.jpg, id=785, 303.38344pt x 303.38344pt>
File: figures/FractileNoNoise.jpg Graphic file (type jpg)

<use figures/FractileNoNoise.jpg>
Package pdftex.def Info: figures/FractileNoNoise.jpg used on input line 87.
(pdftex.def)             Requested size: 303.38269pt x 303.38269pt.

<figures/JVFLFractile.jpg, id=787, 303.38344pt x 303.38344pt>
File: figures/JVFLFractile.jpg Graphic file (type jpg)

<use figures/JVFLFractile.jpg>
Package pdftex.def Info: figures/JVFLFractile.jpg used on input line 96.
(pdftex.def)             Requested size: 303.38269pt x 303.38269pt.

Underfull \vbox (badness 1502) has occurred while \output is active []

 [36]
[37 <C:/Users/Brian.L.Pedersen/Documents/GitHub/EksamensProjekt/figures/Fractil
eNoise.jpg>] [38 <C:/Users/Brian.L.Pedersen/Documents/GitHub/EksamensProjekt/fi
gures/FractileNoNoise.jpg>] [39 <C:/Users/Brian.L.Pedersen/Documents/GitHub/Eks
amensProjekt/figures/JVFLFractile.jpg>]
<figures/AllFilesFractile.jpg, id=812, 303.38344pt x 303.38344pt>
File: figures/AllFilesFractile.jpg Graphic file (type jpg)

<use figures/AllFilesFractile.jpg>
Package pdftex.def Info: figures/AllFilesFractile.jpg used on input line 128.
(pdftex.def)             Requested size: 303.38269pt x 303.38269pt.
)
Underfull \vbox (badness 3019) has occurred while \output is active []

 [40]
[41 <C:/Users/Brian.L.Pedersen/Documents/GitHub/EksamensProjekt/figures/AllFile
sFractile.jpg>] [42]
(C:\Users\Brian.L.Pedersen\Documents\GitHub\EksamensProjekt\Evaluation.tex
Chapter 6.
[43



] [44] [45] [46]
<figures/JPPOLScoreGraph.jpg, id=849, 1282.03969pt x 303.38344pt>
File: figures/JPPOLScoreGraph.jpg Graphic file (type jpg)

<use figures/JPPOLScoreGraph.jpg>
Package pdftex.def Info: figures/JPPOLScoreGraph.jpg used on input line 65.
(pdftex.def)             Requested size: 320.50914pt x 75.84567pt.
 [47 <C:/Users/Brian.L.Pedersen/Documents/GitHub/EksamensProjekt/figures/JPPOLS
coreGraph.jpg>]
<figures/JPPOLCosineLCSMax.jpg, id=859, 604.50844pt x 604.50844pt>
File: figures/JPPOLCosineLCSMax.jpg Graphic file (type jpg)

<use figures/JPPOLCosineLCSMax.jpg>
Package pdftex.def Info: figures/JPPOLCosineLCSMax.jpg used on input line 78.
(pdftex.def)             Requested size: 302.25348pt x 302.25348pt.

<figures/JPPOLCosineLCSMin.jpg, id=860, 604.50844pt x 604.50844pt>
File: figures/JPPOLCosineLCSMin.jpg Graphic file (type jpg)

<use figures/JPPOLCosineLCSMin.jpg>
Package pdftex.def Info: figures/JPPOLCosineLCSMin.jpg used on input line 85.
(pdftex.def)             Requested size: 302.25348pt x 302.25348pt.
 [48 <C:/Users/Brian.L.Pedersen/Documents/GitHub/EksamensProjekt/figures/JPPOLC
osineLCSMax.jpg>] [49 <C:/Users/Brian.L.Pedersen/Documents/GitHub/EksamensProje
kt/figures/JPPOLCosineLCSMin.jpg>]
<figures/e410559e.jpg, id=875, 863.47594pt x 283.0575pt>
File: figures/e410559e.jpg Graphic file (type jpg)

<use figures/e410559e.jpg>
Package pdftex.def Info: figures/e410559e.jpg used on input line 131.
(pdftex.def)             Requested size: 302.2211pt x 99.0716pt.

Underfull \vbox (badness 1924) has occurred while \output is active []

 [50]
<figures/e410559d.jpg, id=891, 942.52126pt x 328.22626pt>
File: figures/e410559d.jpg Graphic file (type jpg)

<use figures/e410559d.jpg>
Package pdftex.def Info: figures/e410559d.jpg used on input line 142.
(pdftex.def)             Requested size: 329.88739pt x 114.8809pt.

<figures/XmlIssue1.jpg, id=892, 706.13812pt x 49.68562pt>
File: figures/XmlIssue1.jpg Graphic file (type jpg)

<use figures/XmlIssue1.jpg>
Package pdftex.def Info: figures/XmlIssue1.jpg used on input line 149.
(pdftex.def)             Requested size: 353.06819pt x 24.84274pt.

Overfull \hbox (7.76555pt too wide) in paragraph at lines 149--150
 [][] 
 []

<figures/XmlIssue2.jpg, id=895, 700.86844pt x 34.62938pt>
File: figures/XmlIssue2.jpg Graphic file (type jpg)

<use figures/XmlIssue2.jpg>
Package pdftex.def Info: figures/XmlIssue2.jpg used on input line 156.
(pdftex.def)             Requested size: 350.43336pt x 17.31464pt.

Overfull \hbox (5.13072pt too wide) in paragraph at lines 156--157
 [][] 
 []

[51 <C:/Users/Brian.L.Pedersen/Documents/GitHub/EksamensProjekt/figures/e410559
e.jpg>] [52 <C:/Users/Brian.L.Pedersen/Documents/GitHub/EksamensProjekt/figures
/e410559d.jpg> <C:/Users/Brian.L.Pedersen/Documents/GitHub/EksamensProjekt/figu
res/XmlIssue1.jpg> <C:/Users/Brian.L.Pedersen/Documents/GitHub/EksamensProjekt/
figures/XmlIssue2.jpg>]
<figures/XmlIssue3.jpg, id=916, 229.60782pt x 57.21375pt>
File: figures/XmlIssue3.jpg Graphic file (type jpg)

<use figures/XmlIssue3.jpg>
Package pdftex.def Info: figures/XmlIssue3.jpg used on input line 165.
(pdftex.def)             Requested size: 229.60725pt x 57.2136pt.

<figures/XmlIssue4.jpg, id=917, 201.00093pt x 54.2025pt>
File: figures/XmlIssue4.jpg Graphic file (type jpg)

<use figures/XmlIssue4.jpg>
Package pdftex.def Info: figures/XmlIssue4.jpg used on input line 172.
(pdftex.def)             Requested size: 201.00043pt x 54.20236pt.
 [53 <C:/Users/Brian.L.Pedersen/Documents/GitHub/EksamensProjekt/figures/XmlIss
ue3.jpg> <C:/Users/Brian.L.Pedersen/Documents/GitHub/EksamensProjekt/figures/Xm
lIssue4.jpg>]
<figures/e410557c.jpg, id=929, 910.90312pt x 605.26125pt>
File: figures/e410557c.jpg Graphic file (type jpg)

<use figures/e410557c.jpg>
Package pdftex.def Info: figures/e410557c.jpg used on input line 199.
(pdftex.def)             Requested size: 273.27304pt x 181.57976pt.

<figures/e410549c.jpg, id=931, 943.27406pt x 584.93532pt>
File: figures/e410549c.jpg Graphic file (type jpg)

<use figures/e410549c.jpg>
Package pdftex.def Info: figures/e410549c.jpg used on input line 224.
(pdftex.def)             Requested size: 282.9844pt x 175.48195pt.

Underfull \vbox (badness 10000) has occurred while \output is active []

 [54]
[55 <C:/Users/Brian.L.Pedersen/Documents/GitHub/EksamensProjekt/figures/e410557
c.jpg> <C:/Users/Brian.L.Pedersen/Documents/GitHub/EksamensProjekt/figures/e410
549c.jpg>] <figures/LengthIssue.jpg, id=946, 898.85812pt x 76.03406pt>
File: figures/LengthIssue.jpg Graphic file (type jpg)

<use figures/LengthIssue.jpg>
Package pdftex.def Info: figures/LengthIssue.jpg used on input line 254.
(pdftex.def)             Requested size: 341.56963pt x 28.89323pt.
 [56] [57 <C:/Users/Brian.L.Pedersen/Documents/GitHub/EksamensProjekt/figures/L
engthIssue.jpg>]
<figures/Over.jpg, id=962, 941.76843pt x 438.13687pt>
File: figures/Over.jpg Graphic file (type jpg)
 <use figures/Over.jpg>
Package pdftex.def Info: figures/Over.jpg used on input line 297.
(pdftex.def)             Requested size: 329.62389pt x 153.35019pt.

Underfull \vbox (badness 2512) has occurred while \output is active []

 [58]
[59 <C:/Users/Brian.L.Pedersen/Documents/GitHub/EksamensProjekt/figures/Over.jp
g>]
Overfull \hbox (6.97986pt too wide) in paragraph at lines 323--337
 [] 
 []

[60] [61]) [62]
(C:\Users\Brian.L.Pedersen\Documents\GitHub\EksamensProjekt\Appendix1.tex
Appendix A.
File: figures/LcsExample.jpg Graphic file (type jpg)
<use figures/LcsExample.jpg>
Package pdftex.def Info: figures/LcsExample.jpg used on input line 14.
(pdftex.def)             Requested size: 523.57489pt x 226.06691pt.
File: figures/PerfectMatch.jpg Graphic file (type jpg)
 <use figures/PerfectMatch.jpg>
Package pdftex.def Info: figures/PerfectMatch.jpg used on input line 19.
(pdftex.def)             Requested size: 473.5179pt x 245.41628pt.
File: figures/SubstringCollection.jpg Graphic file (type jpg)

<use figures/SubstringCollection.jpg>
Package pdftex.def Info: figures/SubstringCollection.jpg used on input line 24.

(pdftex.def)             Requested size: 455.82686pt x 346.66931pt.
) [63



] [64] [65] [66]
(C:\Users\Brian.L.Pedersen\Documents\GitHub\EksamensProjekt\ArticleContent.tex
Appendix B.

Overfull \hbox (6.83359pt too wide) in paragraph at lines 4--15
\T1/cmr/m/n/10 Termostatkæmpen Dan-foss holder sit in-dt-jen-ingsniveau, mens o
m-sæt-nin-gen falder
 []

[67



]
Overfull \hbox (9.05382pt too wide) in paragraph at lines 16--16
[]\T1/cmr/bx/n/14.4 Danfoss fastholder sta-bil for-ret-ning - w/o Stop
 []

[68] [69] [70]
Underfull \vbox (badness 10000) has occurred while \output is active []

 [71])
[72]
(C:\Users\Brian.L.Pedersen\Documents\GitHub\EksamensProjekt\DatadiagramsAppendi
x.tex
Appendix C.
File: figures/Dataflow.jpg Graphic file (type jpg)
<use figures/Dataflow.jpg>
Package pdftex.def Info: figures/Dataflow.jpg used on input line 5.
(pdftex.def)             Requested size: 72.2698pt x 287.57367pt.
File: figures/Datatypes.jpg Graphic file (type jpg)
 <use figures/Datatypes.jpg>
Package pdftex.def Info: figures/Datatypes.jpg used on input line 11.
(pdftex.def)             Requested size: 271.76465pt x 179.16893pt.
) [73



] [74] [75]
(C:\Users\Brian.L.Pedersen\Documents\GitHub\EksamensProjekt\EvaluationAppendix.
tex [76



]
Appendix D.
File: figures/JPPOLScoreGraph.jpg Graphic file (type jpg)
<use figures/JPPOLScoreGraph.jpg>
Package pdftex.def Info: figures/JPPOLScoreGraph.jpg used on input line 6.
(pdftex.def)             Requested size: 576.91254pt x 136.52127pt.

Overfull \hbox (50.53656pt too wide) in paragraph at lines 6--7
 [][] 
 []

File: figures/e410559e.jpg Graphic file (type jpg)
<use figures/e410559e.jpg>
Package pdftex.def Info: figures/e410559e.jpg used on input line 13.
(pdftex.def)             Requested size: 431.73691pt x 141.5284pt.

<figures/JV-LemvigScoreGraph.jpg, id=1092, 1282.03969pt x 303.38344pt>
File: figures/JV-LemvigScoreGraph.jpg Graphic file (type jpg)

<use figures/JV-LemvigScoreGraph.jpg>
Package pdftex.def Info: figures/JV-LemvigScoreGraph.jpg used on input line 20.

(pdftex.def)             Requested size: 576.91254pt x 136.52127pt.

Overfull \hbox (50.53656pt too wide) in paragraph at lines 20--21
 [][] 
 []

) [77] [78] [79] [80 <C:/Users/Brian.L.Pedersen/Documents/GitHub/EksamensProjek
t/figures/JV-LemvigScoreGraph.jpg>]
(C:\Users\Brian.L.Pedersen\Documents\GitHub\EksamensProjekt\Thesis.bbl
Underfull \hbox (badness 1137) in paragraph at lines 4--10
\T1/cmr/m/n/10 munden.  []$\T1/cmtt/m/n/10 http : / / www\OML/cmm/m/it/10 :\T1/
cmtt/m/n/10 altinget\OML/cmm/m/it/10 :\T1/cmtt/m/n/10 dk / eu / artikel / messe
rschmidt -[]$
 []


Underfull \hbox (badness 10000) in paragraph at lines 12--18
$\T1/cmtt/m/n/10 / / www\OML/cmm/m/it/10 :\T1/cmtt/m/n/10 infomedia\OML/cmm/m/i
t/10 :\T1/cmtt/m/n/10 dk / viden -[] indsigt / europaparlamentsvalg -[]$
 []


Underfull \hbox (badness 10000) in paragraph at lines 12--18
$\T1/cmtt/m/n/10 og -[] patentdomstolsafstemning -[] kandidaternes -[] synlighe
d -[] i -[]$
 []


Underfull \hbox (badness 10000) in paragraph at lines 29--35
[]\T1/cmr/m/n/10 Wikipedia.  Al-go-rithm im-ple-men-ta-tion/strings/-longest
 []


Underfull \hbox (badness 10000) in paragraph at lines 29--35
\T1/cmr/m/n/10 com-mon sub-string.  []$\T1/cmtt/m/n/10 http : / / en\OML/cmm/m/
it/10 :\T1/cmtt/m/n/10 wikibooks\OML/cmm/m/it/10 :\T1/cmtt/m/n/10 org / w /$
 []


Underfull \hbox (badness 10000) in paragraph at lines 29--35
$\T1/cmtt/m/n/10 index\OML/cmm/m/it/10 :\T1/cmtt/m/n/10 php?title = Algorithm[]
Implementation / Strings /$
 []


Underfull \hbox (badness 2781) in paragraph at lines 29--35
$\T1/cmtt/m/n/10 Longest[]common[]substring&action = history$[]\T1/cmr/m/n/10 ,
 2014.  Ac-cessed:
 []


Underfull \hbox (badness 1389) in paragraph at lines 43--48
[]\T1/cmr/m/n/10 Johan Winther.  Dan-foss fastholder sta-bil for-ret-ning.  []$
\T1/cmtt/m/n/10 http :$
 []


Underfull \hbox (badness 10000) in paragraph at lines 43--48
$\T1/cmtt/m/n/10 / / www\OML/cmm/m/it/10 :\T1/cmtt/m/n/10 jv\OML/cmm/m/it/10 :\
T1/cmtt/m/n/10 dk / artikel / 1633979 : Business -[] -[]Danfoss -[] fastholder 
-[]$
 []


Underfull \hbox (badness 1694) in paragraph at lines 50--55
[]\T1/cmr/m/n/10 Johan Winther.  Dan-foss fastholder sta-bil for-ret-ning.  \T1
/cmr/m/it/10 folke-
 []

[81



])
Package atveryend Info: Empty hook `BeforeClearDocument' on input line 112.
 [82]
Package atveryend Info: Empty hook `AfterLastShipout' on input line 112.

(C:\Users\Brian.L.Pedersen\Documents\GitHub\EksamensProjekt\Thesis.aux
(C:\Users\Brian.L.Pedersen\Documents\GitHub\EksamensProjekt\ChapterIntroduction
.aux) (C:\Users\Brian.L.Pedersen\Documents\GitHub\EksamensProjekt\Chapter2.aux)
(C:\Users\Brian.L.Pedersen\Documents\GitHub\EksamensProjekt\Chapter3.aux)
(C:\Users\Brian.L.Pedersen\Documents\GitHub\EksamensProjekt\Implementation.aux)
(C:\Users\Brian.L.Pedersen\Documents\GitHub\EksamensProjekt\Test.aux)
(C:\Users\Brian.L.Pedersen\Documents\GitHub\EksamensProjekt\Evaluation.aux)
(C:\Users\Brian.L.Pedersen\Documents\GitHub\EksamensProjekt\Appendix1.aux)
(C:\Users\Brian.L.Pedersen\Documents\GitHub\EksamensProjekt\ArticleContent.aux)

(C:\Users\Brian.L.Pedersen\Documents\GitHub\EksamensProjekt\DatadiagramsAppendi
x.aux)
(C:\Users\Brian.L.Pedersen\Documents\GitHub\EksamensProjekt\EvaluationAppendix.
aux))
Package atveryend Info: Executing hook `AtVeryEndDocument' on input line 112.
Package atveryend Info: Executing hook `AtEndAfterFileList' on input line 112.
Package rerunfilecheck Info: File `Thesis.out' has not changed.
(rerunfilecheck)             Checksum: 79B7CCF31AA9976E59E50BE63CE43F80;4427.
Package atveryend Info: Empty hook `AtVeryVeryEnd' on input line 112.
 ) 
Here is how much of TeX's memory you used:
 11236 strings out of 493921
 164259 string characters out of 3144842
 283414 words of memory out of 3000000
 13847 multiletter control sequences out of 15000+200000
 34358 words of font info for 90 fonts, out of 3000000 for 9000
 841 hyphenation exceptions out of 8191
 43i,12n,49p,2238b,1878s stack positions out of 5000i,500n,10000p,200000b,50000s
 <C:\Users\Brian.L.Pedersen\AppData\Local\MiKTeX\2.9\fonts\pk\ljfour\jknappen
\ec\dpi600\ectt1000.pk> <C:\Users\Brian.L.Pedersen\AppData\Local\MiKTeX\2.9\fon
ts\pk\ljfour\jknappen\ec\dpi600\ecti0800.pk> <C:\Users\Brian.L.Pedersen\AppData
\Local\MiKTeX\2.9\fonts\pk\ljfour\jknappen\ec\dpi600\ecbx1200.pk> <C:\Users\Bri
an.L.Pedersen\AppData\Local\MiKTeX\2.9\fonts\pk\ljfour\jknappen\ec\dpi600\ecbx1
440.pk> <C:\Users\Brian.L.Pedersen\AppData\Local\MiKTeX\2.9\fonts\pk\ljfour\jkn
appen\ec\dpi600\ecrm0800.pk> <C:\Users\Brian.L.Pedersen\AppData\Local\MiKTeX\2.
9\fonts\pk\ljfour\jknappen\ec\dpi600\ectt0800.pk> <C:\Users\Brian.L.Pedersen\Ap
pData\Local\MiKTeX\2.9\fonts\pk\ljfour\jknappen\ec\dpi600\ecrm0600.pk> <C:\User
s\Brian.L.Pedersen\AppData\Local\MiKTeX\2.9\fonts\pk\ljfour\jknappen\ec\dpi600\
ecti1000.pk> <C:\Users\Brian.L.Pedersen\AppData\Local\MiKTeX\2.9\fonts\pk\ljfou
r\jknappen\ec\dpi600\ecrm0700.pk> <C:\Users\Brian.L.Pedersen\AppData\Local\MiKT
eX\2.9\fonts\pk\ljfour\jknappen\ec\dpi600\ecrm2488.pk> <C:\Users\Brian.L.Peders
en\AppData\Local\MiKTeX\2.9\fonts\pk\ljfour\jknappen\ec\dpi600\eccc1200.pk> <C:
\Users\Brian.L.Pedersen\AppData\Local\MiKTeX\2.9\fonts\pk\ljfour\jknappen\ec\dp
i600\ecbx1000.pk> <C:\Users\Brian.L.Pedersen\AppData\Local\MiKTeX\2.9\fonts\pk\
ljfour\jknappen\ec\dpi600\ecsx1000.pk> <C:\Users\Brian.L.Pedersen\AppData\Local
\MiKTeX\2.9\fonts\pk\ljfour\jknappen\ec\dpi600\ecrm1000.pk> <C:\Users\Brian.L.P
edersen\AppData\Local\MiKTeX\2.9\fonts\pk\ljfour\jknappen\ec\dpi600\ecsx2488.pk
> <C:\Users\Brian.L.Pedersen\AppData\Local\MiKTeX\2.9\fonts\pk\ljfour\jknappen\
ec\dpi600\ecss1000.pk> <C:\Users\Brian.L.Pedersen\AppData\Local\MiKTeX\2.9\font
s\pk\ljfour\jknappen\ec\dpi600\ecss0900.pk> <C:\Users\Brian.L.Pedersen\AppData\
Local\MiKTeX\2.9\fonts\pk\ljfour\jknappen\ec\dpi600\ecss1728.pk> <C:\Users\Bria
n.L.Pedersen\AppData\Local\MiKTeX\2.9\fonts\pk\ljfour\jknappen\ec\dpi600\ecsx20
74.pk><C:/Program Files (x86)/MiKTeX 2.9/fonts/type1/public/amsfonts/cm/cmex10.
pfb><C:/Program Files (x86)/MiKTeX 2.9/fonts/type1/public/amsfonts/cm/cmmi10.pf
b><C:/Program Files (x86)/MiKTeX 2.9/fonts/type1/public/amsfonts/cm/cmmi7.pfb><
C:/Program Files (x86)/MiKTeX 2.9/fonts/type1/public/amsfonts/cm/cmmi8.pfb><C:/
Program Files (x86)/MiKTeX 2.9/fonts/type1/public/amsfonts/cm/cmsy10.pfb>
Output written on Thesis.pdf (96 pages, 2754166 bytes).
PDF statistics:
 2007 PDF objects out of 2073 (max. 8388607)
 376 named destinations out of 1000 (max. 500000)
 650 words of extra memory for PDF output out of 10000 (max. 10000000)

