\BOOKMARK [0][]{chapter*.1}{Summary \(English\)}{}% 1
\BOOKMARK [0][]{chapter*.2}{Summary \(Danish\)}{}% 2
\BOOKMARK [0][]{chapter*.3}{Preface}{}% 3
\BOOKMARK [0][]{chapter*.4}{Acknowledgements}{}% 4
\BOOKMARK [0][]{toc.0}{Contents}{}% 5
\BOOKMARK [0][]{chapter.1}{1 Introduction}{}% 6
\BOOKMARK [1][]{section.1.1}{1.1 Limitation}{chapter.1}% 7
\BOOKMARK [0][]{chapter.2}{2 General - Terms and Rules}{}% 8
\BOOKMARK [1][]{section.2.1}{2.1 Terms}{chapter.2}% 9
\BOOKMARK [1][]{section.2.2}{2.2 Matching}{chapter.2}% 10
\BOOKMARK [1][]{section.2.3}{2.3 Duplicates}{chapter.2}% 11
\BOOKMARK [2][]{subsection.2.3.1}{2.3.1 Topic Matching}{section.2.3}% 12
\BOOKMARK [0][]{chapter.3}{3 Algorithms in General}{}% 13
\BOOKMARK [1][]{section.3.1}{3.1 Initial Considerations}{chapter.3}% 14
\BOOKMARK [1][]{section.3.2}{3.2 Algorithms Used}{chapter.3}% 15
\BOOKMARK [1][]{section.3.3}{3.3 Optimizing Performance}{chapter.3}% 16
\BOOKMARK [2][]{subsection.3.3.1}{3.3.1 Stop Words}{section.3.3}% 17
\BOOKMARK [2][]{subsection.3.3.2}{3.3.2 Stemming}{section.3.3}% 18
\BOOKMARK [1][]{section.3.4}{3.4 Semaphore Tagging}{chapter.3}% 19
\BOOKMARK [2][]{subsection.3.4.1}{3.4.1 Cons to Semaphore}{section.3.4}% 20
\BOOKMARK [1][]{section.3.5}{3.5 Text Preparation}{chapter.3}% 21
\BOOKMARK [0][]{appendix.A}{A Appendix}{}% 22
\BOOKMARK [0][]{appendix.A}{Bibliography}{}% 23
